[2025-06-27 04:37:06] SCAN: C:\Users\33638\OneDrive - Association Cesi Viacesi mail\Bureau\NEW CV -> scan (Found 6 files)
[2025-06-27 04:37:06] ERROR: Error creating directory C:\Users\33638\OneDrive - Association Cesi Viacesi mail\Bureau\NEW CV\Documents - 'WindowsPath' object has no attribute 'existed_before_mkdir'
[2025-06-27 04:37:06] ERROR: Error during organization: 'WindowsPath' object has no attribute 'existed_before_mkdir' - 'WindowsPath' object has no attribute 'existed_before_mkdir'
[2025-06-27 04:37:30] SCAN: C:\Users\33638\OneDrive - Association Cesi Viacesi mail\Bureau\NEW CV -> scan (Found 6 files)
[2025-06-27 04:37:51] SCAN: C:\Users\33638\OneDrive - Association Cesi Viacesi mail\Bureau\NEW CV -> scan (Found 6 files)
[2025-06-27 04:37:51] ERROR: Error creating directory C:\Users\33638\OneDrive - Association Cesi Viacesi mail\Bureau\NEW CV\Documents - 'WindowsPath' object has no attribute 'existed_before_mkdir'
[2025-06-27 04:37:51] ERROR: Error during organization: 'WindowsPath' object has no attribute 'existed_before_mkdir' - 'WindowsPath' object has no attribute 'existed_before_mkdir'
[2025-06-27 04:38:02] SCAN: C:\Users\33638\OneDrive - Association Cesi Viacesi mail\Bureau\NEW CV -> scan (Found 6 files)
[2025-06-27 04:38:45] SCAN: C:\Users\33638\OneDrive - Association Cesi Viacesi mail\Bureau\cv -> scan (Found 2 files)
[2025-06-27 04:38:59] SCAN: C:\Users\33638\OneDrive - Association Cesi Viacesi mail\Bureau\cv -> scan (Found 2 files)
[2025-06-27 04:38:59] ERROR: Error creating directory C:\Users\33638\OneDrive - Association Cesi Viacesi mail\Bureau\cv\Documents - 'WindowsPath' object has no attribute 'existed_before_mkdir'
[2025-06-27 04:38:59] ERROR: Error during organization: 'WindowsPath' object has no attribute 'existed_before_mkdir' - 'WindowsPath' object has no attribute 'existed_before_mkdir'
[2025-06-27 04:39:12] SCAN: C:\Users\33638\OneDrive - Association Cesi Viacesi mail\Bureau\cv -> scan (Found 2 files)
[2025-06-27 04:39:18] SCAN: C:\Users\33638\OneDrive - Association Cesi Viacesi mail\Bureau\cv -> scan (Found 2 files)
[2025-06-27 04:39:18] ERROR: Error creating directory C:\Users\33638\OneDrive - Association Cesi Viacesi mail\Bureau\cv\Documents - 'WindowsPath' object has no attribute 'existed_before_mkdir'
[2025-06-27 04:39:18] ERROR: Error during organization: 'WindowsPath' object has no attribute 'existed_before_mkdir' - 'WindowsPath' object has no attribute 'existed_before_mkdir'
[2025-06-27 04:41:13] SCAN: C:\Users\33638\AppData\Local\Temp\tmpowfpyayu -> scan (Found 21 files)
[2025-06-27 04:41:13] SCAN: C:\Users\33638\AppData\Local\Temp\tmpowfpyayu -> scan (Found 21 files)
[2025-06-27 04:41:13] ERROR: Error creating directory C:\Users\33638\AppData\Local\Temp\tmpowfpyayu\Audio - 'WindowsPath' object has no attribute 'existed_before_mkdir'
[2025-06-27 04:41:13] ERROR: Error during organization: 'WindowsPath' object has no attribute 'existed_before_mkdir' - 'WindowsPath' object has no attribute 'existed_before_mkdir'
[2025-06-27 04:42:00] SCAN: C:\Users\33638\OneDrive - Association Cesi Viacesi mail\Bureau\NEW CV -> scan (Found 6 files)
[2025-06-27 04:42:20] SCAN: C:\Users\33638\OneDrive - Association Cesi Viacesi mail\Bureau\NEW CV -> scan (Found 6 files)
[2025-06-27 04:42:20] ERROR: Error creating directory C:\Users\33638\OneDrive - Association Cesi Viacesi mail\Bureau\NEW CV\Documents - 'WindowsPath' object has no attribute 'existed_before_mkdir'
[2025-06-27 04:42:20] ERROR: Error during organization: 'WindowsPath' object has no attribute 'existed_before_mkdir' - 'WindowsPath' object has no attribute 'existed_before_mkdir'
[2025-06-27 04:47:15] SCAN: C:\Users\33638\OneDrive - Association Cesi Viacesi mail\Bureau\NEW CV -> scan (Found 6 files)
[2025-06-27 04:47:27] SCAN: C:\Users\33638\OneDrive - Association Cesi Viacesi mail\Bureau\NEW CV -> scan (Found 6 files)
[2025-06-27 04:47:27] CREATE_DIR: C:\Users\33638\OneDrive - Association Cesi Viacesi mail\Bureau\NEW CV -> C:\Users\33638\OneDrive - Association Cesi Viacesi mail\Bureau\NEW CV\Images (success)
[2025-06-27 04:47:27] MOVE: C:\Users\33638\OneDrive - Association Cesi Viacesi mail\Bureau\NEW CV\Curriculum_AZIZ_Allagui.pdf -> C:\Users\33638\OneDrive - Association Cesi Viacesi mail\Bureau\NEW CV\Documents\Curriculum_AZIZ_Allagui.pdf (success)
[2025-06-27 04:47:27] MOVE: C:\Users\33638\OneDrive - Association Cesi Viacesi mail\Bureau\NEW CV\CV pour alternance.pdf -> C:\Users\33638\OneDrive - Association Cesi Viacesi mail\Bureau\NEW CV\Documents\CV pour alternance.pdf (success)
[2025-06-27 04:47:27] MOVE: C:\Users\33638\OneDrive - Association Cesi Viacesi mail\Bureau\NEW CV\CV POUR STAGE .pdf -> C:\Users\33638\OneDrive - Association Cesi Viacesi mail\Bureau\NEW CV\Documents\CV POUR STAGE .pdf (success)
[2025-06-27 04:47:27] MOVE: C:\Users\33638\OneDrive - Association Cesi Viacesi mail\Bureau\NEW CV\Lettre motivation AZIZ Allagui.pdf -> C:\Users\33638\OneDrive - Association Cesi Viacesi mail\Bureau\NEW CV\Documents\Lettre motivation AZIZ Allagui.pdf (success)
[2025-06-27 04:47:27] MOVE: C:\Users\33638\OneDrive - Association Cesi Viacesi mail\Bureau\NEW CV\CV_SaheenAbdulWahab.png -> C:\Users\33638\OneDrive - Association Cesi Viacesi mail\Bureau\NEW CV\Images\CV_SaheenAbdulWahab.png (success)
[2025-06-27 04:47:27] MOVE: C:\Users\33638\OneDrive - Association Cesi Viacesi mail\Bureau\NEW CV\image.png -> C:\Users\33638\OneDrive - Association Cesi Viacesi mail\Bureau\NEW CV\Images\image.png (success)
[2025-06-27 04:47:36] SCAN: C:\Users\33638\OneDrive - Association Cesi Viacesi mail\Bureau\NEW CV -> scan (Found 0 files)
[2025-06-27 04:53:39] SCAN: C:\Users\33638\AppData\Local\Temp\tmpugr_79lm -> scan (Found 21 files)
[2025-06-27 04:53:39] SCAN: C:\Users\33638\AppData\Local\Temp\tmpugr_79lm -> scan (Found 21 files)
[2025-06-27 04:53:39] CREATE_DIR: C:\Users\33638\AppData\Local\Temp\tmpugr_79lm -> C:\Users\33638\AppData\Local\Temp\tmpugr_79lm\Audio (success)
[2025-06-27 04:53:39] CREATE_DIR: C:\Users\33638\AppData\Local\Temp\tmpugr_79lm -> C:\Users\33638\AppData\Local\Temp\tmpugr_79lm\Archives (success)
[2025-06-27 04:53:39] CREATE_DIR: C:\Users\33638\AppData\Local\Temp\tmpugr_79lm -> C:\Users\33638\AppData\Local\Temp\tmpugr_79lm\Videos (success)
[2025-06-27 04:53:39] CREATE_DIR: C:\Users\33638\AppData\Local\Temp\tmpugr_79lm -> C:\Users\33638\AppData\Local\Temp\tmpugr_79lm\Miscellaneous (success)
[2025-06-27 04:53:39] CREATE_DIR: C:\Users\33638\AppData\Local\Temp\tmpugr_79lm -> C:\Users\33638\AppData\Local\Temp\tmpugr_79lm\Documents (success)
[2025-06-27 04:53:39] CREATE_DIR: C:\Users\33638\AppData\Local\Temp\tmpugr_79lm -> C:\Users\33638\AppData\Local\Temp\tmpugr_79lm\Images (success)
[2025-06-27 04:53:39] CREATE_DIR: C:\Users\33638\AppData\Local\Temp\tmpugr_79lm -> C:\Users\33638\AppData\Local\Temp\tmpugr_79lm\Code (success)
[2025-06-27 04:53:39] MOVE: C:\Users\33638\AppData\Local\Temp\tmpugr_79lm\audio.wav -> C:\Users\33638\AppData\Local\Temp\tmpugr_79lm\Audio\audio.wav (success)
[2025-06-27 04:53:39] MOVE: C:\Users\33638\AppData\Local\Temp\tmpugr_79lm\music.flac -> C:\Users\33638\AppData\Local\Temp\tmpugr_79lm\Audio\music.flac (success)
[2025-06-27 04:53:39] MOVE: C:\Users\33638\AppData\Local\Temp\tmpugr_79lm\song.mp3 -> C:\Users\33638\AppData\Local\Temp\tmpugr_79lm\Audio\song.mp3 (success)
[2025-06-27 04:53:39] MOVE: C:\Users\33638\AppData\Local\Temp\tmpugr_79lm\backup.zip -> C:\Users\33638\AppData\Local\Temp\tmpugr_79lm\Archives\backup.zip (success)
[2025-06-27 04:53:39] MOVE: C:\Users\33638\AppData\Local\Temp\tmpugr_79lm\data.7z -> C:\Users\33638\AppData\Local\Temp\tmpugr_79lm\Archives\data.7z (success)
[2025-06-27 04:53:39] MOVE: C:\Users\33638\AppData\Local\Temp\tmpugr_79lm\files.rar -> C:\Users\33638\AppData\Local\Temp\tmpugr_79lm\Archives\files.rar (success)
[2025-06-27 04:53:39] MOVE: C:\Users\33638\AppData\Local\Temp\tmpugr_79lm\clip.avi -> C:\Users\33638\AppData\Local\Temp\tmpugr_79lm\Videos\clip.avi (success)
[2025-06-27 04:53:39] MOVE: C:\Users\33638\AppData\Local\Temp\tmpugr_79lm\movie.mp4 -> C:\Users\33638\AppData\Local\Temp\tmpugr_79lm\Videos\movie.mp4 (success)
[2025-06-27 04:53:39] MOVE: C:\Users\33638\AppData\Local\Temp\tmpugr_79lm\video.mkv -> C:\Users\33638\AppData\Local\Temp\tmpugr_79lm\Videos\video.mkv (success)
[2025-06-27 04:53:39] MOVE: C:\Users\33638\AppData\Local\Temp\tmpugr_79lm\custom.abc -> C:\Users\33638\AppData\Local\Temp\tmpugr_79lm\Miscellaneous\custom.abc (success)
[2025-06-27 04:53:39] MOVE: C:\Users\33638\AppData\Local\Temp\tmpugr_79lm\unknown.xyz -> C:\Users\33638\AppData\Local\Temp\tmpugr_79lm\Miscellaneous\unknown.xyz (success)
[2025-06-27 04:53:39] MOVE: C:\Users\33638\AppData\Local\Temp\tmpugr_79lm\document.pdf -> C:\Users\33638\AppData\Local\Temp\tmpugr_79lm\Documents\document.pdf (success)
[2025-06-27 04:53:39] MOVE: C:\Users\33638\AppData\Local\Temp\tmpugr_79lm\notes.txt -> C:\Users\33638\AppData\Local\Temp\tmpugr_79lm\Documents\notes.txt (success)
[2025-06-27 04:53:39] MOVE: C:\Users\33638\AppData\Local\Temp\tmpugr_79lm\report.docx -> C:\Users\33638\AppData\Local\Temp\tmpugr_79lm\Documents\report.docx (success)
[2025-06-27 04:53:39] MOVE: C:\Users\33638\AppData\Local\Temp\tmpugr_79lm\icon.ico -> C:\Users\33638\AppData\Local\Temp\tmpugr_79lm\Images\icon.ico (success)
[2025-06-27 04:53:39] MOVE: C:\Users\33638\AppData\Local\Temp\tmpugr_79lm\image.png -> C:\Users\33638\AppData\Local\Temp\tmpugr_79lm\Images\image.png (success)
[2025-06-27 04:53:39] MOVE: C:\Users\33638\AppData\Local\Temp\tmpugr_79lm\photo1.jpg -> C:\Users\33638\AppData\Local\Temp\tmpugr_79lm\Images\photo1.jpg (success)
[2025-06-27 04:53:39] MOVE: C:\Users\33638\AppData\Local\Temp\tmpugr_79lm\picture.gif -> C:\Users\33638\AppData\Local\Temp\tmpugr_79lm\Images\picture.gif (success)
[2025-06-27 04:53:39] MOVE: C:\Users\33638\AppData\Local\Temp\tmpugr_79lm\script.py -> C:\Users\33638\AppData\Local\Temp\tmpugr_79lm\Code\script.py (success)
[2025-06-27 04:53:39] MOVE: C:\Users\33638\AppData\Local\Temp\tmpugr_79lm\styles.css -> C:\Users\33638\AppData\Local\Temp\tmpugr_79lm\Code\styles.css (success)
[2025-06-27 04:53:39] MOVE: C:\Users\33638\AppData\Local\Temp\tmpugr_79lm\webpage.html -> C:\Users\33638\AppData\Local\Temp\tmpugr_79lm\Code\webpage.html (success)
[2025-06-27 04:53:39] UNDO: C:\Users\33638\AppData\Local\Temp\tmpugr_79lm\Code\webpage.html -> C:\Users\33638\AppData\Local\Temp\tmpugr_79lm\webpage.html (success)
[2025-06-27 04:53:39] UNDO: C:\Users\33638\AppData\Local\Temp\tmpugr_79lm\Code\styles.css -> C:\Users\33638\AppData\Local\Temp\tmpugr_79lm\styles.css (success)
[2025-06-27 04:53:39] UNDO: C:\Users\33638\AppData\Local\Temp\tmpugr_79lm\Code\script.py -> C:\Users\33638\AppData\Local\Temp\tmpugr_79lm\script.py (success)
[2025-06-27 04:53:39] UNDO: C:\Users\33638\AppData\Local\Temp\tmpugr_79lm\Images\picture.gif -> C:\Users\33638\AppData\Local\Temp\tmpugr_79lm\picture.gif (success)
[2025-06-27 04:53:39] UNDO: C:\Users\33638\AppData\Local\Temp\tmpugr_79lm\Images\photo1.jpg -> C:\Users\33638\AppData\Local\Temp\tmpugr_79lm\photo1.jpg (success)
[2025-06-27 04:53:39] UNDO: C:\Users\33638\AppData\Local\Temp\tmpugr_79lm\Images\image.png -> C:\Users\33638\AppData\Local\Temp\tmpugr_79lm\image.png (success)
[2025-06-27 04:53:39] UNDO: C:\Users\33638\AppData\Local\Temp\tmpugr_79lm\Images\icon.ico -> C:\Users\33638\AppData\Local\Temp\tmpugr_79lm\icon.ico (success)
[2025-06-27 04:53:39] UNDO: C:\Users\33638\AppData\Local\Temp\tmpugr_79lm\Documents\report.docx -> C:\Users\33638\AppData\Local\Temp\tmpugr_79lm\report.docx (success)
[2025-06-27 04:53:39] UNDO: C:\Users\33638\AppData\Local\Temp\tmpugr_79lm\Documents\notes.txt -> C:\Users\33638\AppData\Local\Temp\tmpugr_79lm\notes.txt (success)
[2025-06-27 04:53:39] UNDO: C:\Users\33638\AppData\Local\Temp\tmpugr_79lm\Documents\document.pdf -> C:\Users\33638\AppData\Local\Temp\tmpugr_79lm\document.pdf (success)
[2025-06-27 04:53:39] UNDO: C:\Users\33638\AppData\Local\Temp\tmpugr_79lm\Miscellaneous\unknown.xyz -> C:\Users\33638\AppData\Local\Temp\tmpugr_79lm\unknown.xyz (success)
[2025-06-27 04:53:39] UNDO: C:\Users\33638\AppData\Local\Temp\tmpugr_79lm\Miscellaneous\custom.abc -> C:\Users\33638\AppData\Local\Temp\tmpugr_79lm\custom.abc (success)
[2025-06-27 04:53:39] UNDO: C:\Users\33638\AppData\Local\Temp\tmpugr_79lm\Videos\video.mkv -> C:\Users\33638\AppData\Local\Temp\tmpugr_79lm\video.mkv (success)
[2025-06-27 04:53:39] UNDO: C:\Users\33638\AppData\Local\Temp\tmpugr_79lm\Videos\movie.mp4 -> C:\Users\33638\AppData\Local\Temp\tmpugr_79lm\movie.mp4 (success)
[2025-06-27 04:53:39] UNDO: C:\Users\33638\AppData\Local\Temp\tmpugr_79lm\Videos\clip.avi -> C:\Users\33638\AppData\Local\Temp\tmpugr_79lm\clip.avi (success)
[2025-06-27 04:53:39] UNDO: C:\Users\33638\AppData\Local\Temp\tmpugr_79lm\Archives\files.rar -> C:\Users\33638\AppData\Local\Temp\tmpugr_79lm\files.rar (success)
[2025-06-27 04:53:39] UNDO: C:\Users\33638\AppData\Local\Temp\tmpugr_79lm\Archives\data.7z -> C:\Users\33638\AppData\Local\Temp\tmpugr_79lm\data.7z (success)
[2025-06-27 04:53:39] UNDO: C:\Users\33638\AppData\Local\Temp\tmpugr_79lm\Archives\backup.zip -> C:\Users\33638\AppData\Local\Temp\tmpugr_79lm\backup.zip (success)
[2025-06-27 04:53:39] UNDO: C:\Users\33638\AppData\Local\Temp\tmpugr_79lm\Audio\song.mp3 -> C:\Users\33638\AppData\Local\Temp\tmpugr_79lm\song.mp3 (success)
[2025-06-27 04:53:39] UNDO: C:\Users\33638\AppData\Local\Temp\tmpugr_79lm\Audio\music.flac -> C:\Users\33638\AppData\Local\Temp\tmpugr_79lm\music.flac (success)
[2025-06-27 04:53:39] UNDO: C:\Users\33638\AppData\Local\Temp\tmpugr_79lm\Audio\audio.wav -> C:\Users\33638\AppData\Local\Temp\tmpugr_79lm\audio.wav (success)
